
          -------------------------------------------------------
          Amber 20 SANDER                              2020
          -------------------------------------------------------

| Run on 08/13/2020 at 18:14:23

|   Executable path: /home/varun/amber20_src/bin/sander
| Working directory: /home/varun/amber20_src
|          Hostname: Unknown
  [-O]verwriting output

File Assignments:
|  MDIN: 01_Min.in                                                             
| MDOUT: 01_Min.out                                                            
|INPCRD: pheno.wet.complex.rst7                                                
|  PARM: pheno.wet.complex.prmtop                                              
|RESTRT: 01_Min.ncrst                                                          
|  REFC: refc                                                                  
| MDVEL: mdvel                                                                 
| MDFRC: mdfrc                                                                 
|  MDEN: mden                                                                  
| MDCRD: mdcrd                                                                 
|MDINFO: 01_Min.mdinfo                                                         
|  MTMD: mtmd                                                                  
|INPDIP: inpdip                                                                
|RSTDIP: rstdip                                                                
|INPTRA: inptraj                                                               


 Here is the input file:

Minimize                                                                       
 &cntrl                                                                        
  imin=1,                                                                      
  ntx=1,                                                                       
  irest=0,                                                                     
  maxcyc=2000,                                                                 
  ncyc=1000,                                                                   
  ntpr=200,                                                                    
  ntwx=0,                                                                      
  cut=8.0,                                                                     
 /                                                                             

--------------------------------------------------------------------------------
   1.  RESOURCE   USE: 
--------------------------------------------------------------------------------

| Flags:                                                                        
 getting new box info from bottom of inpcrd
|  INFO: Old style inpcrd file read

| peek_ewald_inpcrd: Box info found
|Largest sphere to fit in unit cell has radius =    41.653
| New format PARM file being parsed.
| Version =    1.000 Date = 08/13/20 Time = 18:05:50
 NATOM  =   73706 NTYPES =      16 NBONH =   69725 MBONA  =    4092
 NTHETH =    8856 MTHETA =    5584 NPHIH =   18227 MPHIA  =   17827
 NHPARM =       0 NPARM  =       0 NNB   =  131441 NRES   =   22431
 NBONA  =    4092 NTHETA =    5584 NPHIA =   17827 NUMBND =      77
 NUMANG =     170 NPTRA  =     209 NATYP =      43 NPHB   =       1
 IFBOX  =       2 NMXRS  =      29 IFCAP =       0 NEXTRA =       0
 NCOPY  =       0


|     Memory Use     Allocated
|     Real             6537684
|     Hollerith         243551
|     Integer          3422182
|     Max Pairs       24568666
|     nblistReal        884472
|     nblist Int       3035745
|       Total           180134 kbytes

| Note: 1-4 EEL scale factors are being read from the topology file.

| Note: 1-4 VDW scale factors are being read from the topology file.
| Duplicated    0 dihedrals
| Duplicated    0 dihedrals

     BOX TYPE: TRUNCATED OCTAHEDRON

--------------------------------------------------------------------------------
   2.  CONTROL  DATA  FOR  THE  RUN
--------------------------------------------------------------------------------

default_name                                                                    

General flags:
     imin    =       1, nmropt  =       0

Nature and format of input:
     ntx     =       1, irest   =       0, ntrx    =       1

Nature and format of output:
     ntxo    =       2, ntpr    =     200, ntrx    =       1, ntwr    =       1
     iwrap   =       0, ntwx    =       0, ntwv    =       0, ntwe    =       0
     ioutfm  =       1, ntwprt  =       0, idecomp =       0, rbornstat=      0

Potential function:
     ntf     =       1, ntb     =       1, igb     =       0, nsnb    =      25
     ipol    =       0, gbsa    =       0, iesp    =       0
     dielc   =   1.00000, cut     =   8.00000, intdiel =   1.00000

Frozen or restrained atoms:
     ibelly  =       0, ntr     =       0

Energy minimization:
     maxcyc  =    2000, ncyc    =    1000, ntmin   =       1
     dx0     =   0.01000, drms    =   0.00010

Ewald parameters:
     verbose =       0, ew_type =       0, nbflag  =       1, use_pme =       1
     vdwmeth =       1, eedmeth =       1, netfrc  =       0
     Box X =  102.028   Box Y =  102.028   Box Z =  102.028
     Alpha =  109.471   Beta  =  109.471   Gamma =  109.471
     NFFT1 =  108       NFFT2 =  108       NFFT3 =  108
     Cutoff=    8.000   Tol   =0.100E-04
     Ewald Coefficient =  0.34864
     Interpolation order =    4

--------------------------------------------------------------------------------
   3.  ATOMIC COORDINATES AND VELOCITIES
--------------------------------------------------------------------------------

default_name                                                                    
 begin time read from input coords =     0.000 ps

 Number of triangulated 3-point waters found:    21930

     Sum of charges from parm topology file =   0.00200067
     Forcing neutrality...

--------------------------------------------------------------------------------
   4.  RESULTS
--------------------------------------------------------------------------------

 ---------------------------------------------------
 APPROXIMATING switch and d/dx switch using CUBIC SPLINE INTERPOLATION
 using   5000.0 points per unit in tabled values
 TESTING RELATIVE ERROR over r ranging from 0.0 to cutoff
| CHECK switch(x): max rel err =   0.2738E-14   at   2.422500
| CHECK d/dx switch(x): max rel err =   0.8332E-11   at   2.782960
 ---------------------------------------------------
| Local SIZE OF NONBOND LIST =   13938472
| TOTAL SIZE OF NONBOND LIST =   13938472


   NSTEP       ENERGY          RMS            GMAX         NAME    NUMBER
      1       3.0285E+05     7.0058E+03     1.6840E+06     HG22     4008

 BOND    =      632.8466  ANGLE   =     2398.3611  DIHED      =     6260.4188
 VDWAALS =   519088.4349  EEL     =  -251668.7671  HBOND      =        0.0000
 1-4 VDW =     3486.5471  1-4 EEL =    22654.2545  RESTRAINT  =        0.0000


   NSTEP       ENERGY          RMS            GMAX         NAME    NUMBER
    200      -2.5219E+05     1.6821E+00     2.2426E+02     CG       2502

 BOND    =    15498.6277  ANGLE   =     1810.0870  DIHED      =     6584.1192
 VDWAALS =    24911.6125  EEL     =  -323941.9780  HBOND      =        0.0000
 1-4 VDW =     2132.9851  1-4 EEL =    20810.6250  RESTRAINT  =        0.0000


   NSTEP       ENERGY          RMS            GMAX         NAME    NUMBER
    400      -2.6124E+05     1.2284E+00     1.2782E+02     CE1      6441

 BOND    =    16863.5358  ANGLE   =     1624.2906  DIHED      =     6521.7972
 VDWAALS =    30105.4211  EEL     =  -338954.5136  HBOND      =        0.0000
 1-4 VDW =     1965.3908  1-4 EEL =    20638.8515  RESTRAINT  =        0.0000


   NSTEP       ENERGY          RMS            GMAX         NAME    NUMBER
    600      -2.6616E+05     9.1348E-01     8.3934E+01     CE1      6441

 BOND    =    17741.8713  ANGLE   =     1528.3538  DIHED      =     6478.5460
 VDWAALS =    33773.6556  EEL     =  -348133.3422  HBOND      =        0.0000
 1-4 VDW =     1896.0958  1-4 EEL =    20556.6360  RESTRAINT  =        0.0000


   NSTEP       ENERGY          RMS            GMAX         NAME    NUMBER
    800      -2.6948E+05     5.3707E-01     4.7688E+01     CE1      6441

 BOND    =    18356.6637  ANGLE   =     1472.3173  DIHED      =     6445.7730
 VDWAALS =    36370.0609  EEL     =  -354491.2521  HBOND      =        0.0000
 1-4 VDW =     1859.6651  1-4 EEL =    20507.2294  RESTRAINT  =        0.0000


   NSTEP       ENERGY          RMS            GMAX         NAME    NUMBER
   1000      -2.7196E+05     4.5445E-01     3.7024E+01     CE1      6441

 BOND    =    18842.6299  ANGLE   =     1435.0973  DIHED      =     6416.7772
 VDWAALS =    38413.0762  EEL     =  -359369.8692  HBOND      =        0.0000
 1-4 VDW =     1834.3652  1-4 EEL =    20467.4072  RESTRAINT  =        0.0000


   NSTEP       ENERGY          RMS            GMAX         NAME    NUMBER
   1200      -2.7817E+05     6.7079E-01     1.0072E+02     CD       3556

 BOND    =    20127.3924  ANGLE   =     1368.9156  DIHED      =     6328.7620
 VDWAALS =    43997.4214  EEL     =  -372121.8781  HBOND      =        0.0000
 1-4 VDW =     1773.0629  1-4 EEL =    20357.2276  RESTRAINT  =        0.0000


   NSTEP       ENERGY          RMS            GMAX         NAME    NUMBER
   1400      -2.8050E+05     5.9859E-01     7.5709E+01     CD       3556

 BOND    =    20605.5587  ANGLE   =     1336.4448  DIHED      =     6283.0334
 VDWAALS =    45936.1945  EEL     =  -376738.4531  HBOND      =        0.0000
 1-4 VDW =     1756.5977  1-4 EEL =    20325.0531  RESTRAINT  =        0.0000


   NSTEP       ENERGY          RMS            GMAX         NAME    NUMBER
   1600      -2.8266E+05     3.8526E-01     4.0686E+01     CG       2502

 BOND    =    20978.5004  ANGLE   =     1296.9151  DIHED      =     6242.4243
 VDWAALS =    47664.5375  EEL     =  -380877.4832  HBOND      =        0.0000
 1-4 VDW =     1740.5019  1-4 EEL =    20294.2116  RESTRAINT  =        0.0000


   NSTEP       ENERGY          RMS            GMAX         NAME    NUMBER
   1800      -2.8369E+05     3.7804E-01     4.7214E+01     CD       2404

 BOND    =    21146.6389  ANGLE   =     1282.2736  DIHED      =     6215.0015
 VDWAALS =    48371.8757  EEL     =  -382721.5933  HBOND      =        0.0000
 1-4 VDW =     1732.9091  1-4 EEL =    20285.9848  RESTRAINT  =        0.0000


   NSTEP       ENERGY          RMS            GMAX         NAME    NUMBER
   2000      -2.8458E+05     6.9413E-01     5.3896E+01     H2      40964

 BOND    =    21312.3102  ANGLE   =     1281.7709  DIHED      =     6199.1990
 VDWAALS =    49021.5479  EEL     =  -384401.6401  HBOND      =        0.0000
 1-4 VDW =     1723.7090  1-4 EEL =    20278.3022  RESTRAINT  =        0.0000


  Maximum number of minimization cycles reached.


                    FINAL RESULTS



   NSTEP       ENERGY          RMS            GMAX         NAME    NUMBER
   2000      -2.8458E+05     6.9413E-01     5.3896E+01     H2      40964

 BOND    =    21312.3102  ANGLE   =     1281.7709  DIHED      =     6199.1990
 VDWAALS =    49021.5479  EEL     =  -384401.6401  HBOND      =        0.0000
 1-4 VDW =     1723.7090  1-4 EEL =    20278.3022  RESTRAINT  =        0.0000

--------------------------------------------------------------------------------
   5.  TIMINGS
--------------------------------------------------------------------------------

|                Build the list            22.36 (95.79% of List )
|                Other                      0.98 ( 4.21% of List )
|             List time                 23.34 ( 1.05% of Nonbo)
|                   Short_ene time          1559.70 (99.06% of Direc)
|                   Other                     14.82 ( 0.94% of Direc)
|                Direct Ewald time       1574.52 (71.82% of Ewald)
|                Adjust Ewald time         21.61 ( 0.99% of Ewald)
|                   Fill Bspline coeffs       15.38 ( 2.60% of Recip)
|                   Fill charge grid          56.49 ( 9.54% of Recip)
|                   Scalar sum               226.21 (38.19% of Recip)
|                   Grad sum                 103.34 (17.45% of Recip)
|                   FFT time                 190.91 (32.23% of Recip)
|                Recip Ewald time         592.35 (27.02% of Ewald)
|                Virial junk                1.16 ( 0.05% of Ewald)
|                Other                      2.63 ( 0.12% of Ewald)
|             Ewald time              2192.31 (98.94% of Nonbo)
|          Nonbond force           2215.68 (98.31% of Force)
|          Bond/Angle/Dihedral       37.65 ( 1.67% of Force)
|          Other                      0.39 ( 0.02% of Force)
|       Force time              2253.72 (100.0% of Runmd)
|    Runmd Time              2253.72 (98.18% of Total)
|    Other                     41.75 ( 1.82% of Total)
| Total time              2295.59 (100.0% of ALL  )

| Number of list builds   :         15

| Highest rstack allocated:    4639756
| Highest istack allocated:      73706
|           Job began  at 18:14:23.210  on 08/13/2020
|           Setup done at 18:14:24.381  on 08/13/2020
|           Run   done at 18:52:38.803  on 08/13/2020
|     wallclock() was called   76078 times

|3D-RISM memory allocation summary
|Type          Maximum        Current   
|Integer       0.00000 GB     0.00000 GB
|Real          0.00000 GB     0.00000 GB
|Logical       0.00000 GB     0.00000 GB
|Character     0.00000 GB     0.00000 GB
|---------------------------------------
|Total         0.00000 GB     0.00000 GB
